<?xml version="1.0" encoding="UTF-8"?>
<!-- Generated by org.testng.reporters.JUnitReportReporter -->
<testsuite hostname="DESKTOP-LL6TH46" failures="0" tests="6" name="testCases.LoginTest" time="190.220" errors="0" timestamp="2025-02-03T08:46:21 IST" skipped="0">
  <testcase classname="testCases.LoginTest" name="userLoginWithValidUsernameAndValidPassword" time="33.826"/>
  <testcase classname="testCases.LoginTest" name="userLoginWithValidUsernameAndInValidPassword" time="21.991"/>
  <testcase classname="testCases.LoginTest" name="userLoginWithValidUsernameAndInValidPassword" time="27.328"/>
  <testcase classname="testCases.LoginTest" name="userLoginWithValidUsernameAndInValidPassword" time="38.028"/>
  <testcase classname="testCases.LoginTest" name="userLoginWithInValidUsernameAndInValidPassword" time="39.317"/>
  <testcase classname="testCases.LoginTest" name="userLoginWithInValidUsernameAndValidPassword" time="29.730"/>
</testsuite> <!-- testCases.LoginTest -->
