<?xml version="1.0" encoding="UTF-8"?>
<!-- Generated by org.testng.reporters.JUnitReportReporter -->
<testsuite hostname="DESKTOP-LL6TH46" failures="0" tests="1" name="testCases.ManageNewsTest" time="15.492" errors="0" timestamp="2025-02-04T06:55:22 IST" skipped="0">
  <testcase classname="testCases.ManageNewsTest" name="adddingANewNewsToTheManageNewsSection" time="15.492"/>
</testsuite> <!-- testCases.ManageNewsTest -->
