<?xml version="1.0" encoding="UTF-8"?>
<!-- Generated by org.testng.reporters.JUnitReportReporter -->
<testsuite hostname="DESKTOP-LL6TH46" failures="0" tests="1" name="testCases.HomePageTest" time="15.131" errors="0" timestamp="2025-02-04T06:51:50 IST" skipped="0">
  <testcase classname="testCases.HomePageTest" name="logoutThePageFromHomePage" time="15.131"/>
</testsuite> <!-- testCases.HomePageTest -->
