<?xml version="1.0" encoding="UTF-8"?>
<!-- Generated by org.testng.reporters.JUnitReportReporter -->
<testsuite hostname="DESKTOP-LL6TH46" failures="0" tests="1" name="testCases.SubCategoryTest" time="38.884" errors="0" timestamp="2025-02-04T07:38:01 IST" skipped="0">
  <testcase classname="testCases.SubCategoryTest" name="addingANewSubCategoryInTheSubCategoryField" time="38.884"/>
</testsuite> <!-- testCases.SubCategoryTest -->
