<?xml version="1.0" encoding="UTF-8"?>
<!-- Generated by org.testng.reporters.JUnitReportReporter -->
<testsuite hostname="DESKTOP-LL6TH46" failures="0" tests="1" name="testCases.AdminUsersTest" time="20.664" errors="0" timestamp="2025-02-04T06:41:37 IST" skipped="0">
  <testcase classname="testCases.AdminUsersTest" name="addNewAdminUserInTheAdminUsersSection" time="20.664"/>
</testsuite> <!-- testCases.AdminUsersTest -->
